<?xml version="1.0" encoding="UTF-8"?>
<testsuite name="jp.golia.mailrs.wire.MailAppearanceTest" tests="5" skipped="0" failures="0" errors="0" timestamp="2026-08-17T16:10:24.693Z" hostname="studio" time="0.005">
  <properties/>
  <testcase name="a_border_colour_is_not_a_text_colour" classname="jp.golia.mailrs.wire.MailAppearanceTest" time="0.004"/>
  <testcase name="a_real_colour_after_a_border_colour_is_found" classname="jp.golia.mailrs.wire.MailAppearanceTest" time="0.0"/>
  <testcase name="the_test_is_case_insensitive" classname="jp.golia.mailrs.wire.MailAppearanceTest" time="0.0"/>
  <testcase name="mail_that_declares_a_colour_keeps_white_paper" classname="jp.golia.mailrs.wire.MailAppearanceTest" time="0.0"/>
  <testcase name="plain_mail_follows_the_app" classname="jp.golia.mailrs.wire.MailAppearanceTest" time="0.0"/>
  <system-out><![CDATA[]]></system-out>
  <system-err><![CDATA[]]></system-err>
</testsuite>
