<?xml version="1.0" encoding="UTF-8"?>
<testsuite name="jp.golia.mailrs.wire.RecipientAutocompleteTest" tests="4" skipped="0" failures="0" errors="0" timestamp="2026-08-17T16:10:24.709Z" hostname="studio" time="0.012">
  <properties/>
  <testcase name="completing_replaces_only_the_token_being_typed" classname="jp.golia.mailrs.wire.RecipientAutocompleteTest" time="0.011"/>
  <testcase name="a_trailing_separator_leaves_no_token" classname="jp.golia.mailrs.wire.RecipientAutocompleteTest" time="0.0"/>
  <testcase name="the_token_is_what_comes_after_the_last_separator" classname="jp.golia.mailrs.wire.RecipientAutocompleteTest" time="0.0"/>
  <testcase name="only_a_partial_name_is_worth_asking_about" classname="jp.golia.mailrs.wire.RecipientAutocompleteTest" time="0.0"/>
  <system-out><![CDATA[]]></system-out>
  <system-err><![CDATA[]]></system-err>
</testsuite>
