<?xml version="1.0" encoding="UTF-8"?>
<testsuite name="jp.golia.mailrs.wire.RemoteContentTest" tests="3" skipped="0" failures="0" errors="0" timestamp="2026-08-17T15:56:35.776Z" hostname="studio" time="0.004">
  <properties/>
  <testcase name="a_message_with_no_references_loads_nothing" classname="jp.golia.mailrs.wire.RemoteContentTest" time="0.004"/>
  <testcase name="a_logo_is_a_beacon_too" classname="jp.golia.mailrs.wire.RemoteContentTest" time="0.0"/>
  <testcase name="every_shape_of_remote_reference_counts" classname="jp.golia.mailrs.wire.RemoteContentTest" time="0.0"/>
  <system-out><![CDATA[]]></system-out>
  <system-err><![CDATA[]]></system-err>
</testsuite>
