<?xml version='1.0' encoding='UTF-8' ?>
<testsuites tests="10" failures="0" errors="0" skipped="0" time="47.81" timestamp="2026-08-17T15:24:41" hostname="localhost">
  <testsuite name="jp.golia.mailrs.MailFlowTest" tests="10" failures="0" errors="0" skipped="0" time="47.288" timestamp="2026-08-17T15:24:41" hostname="localhost">
    <properties>
      <property name="device" value="sim-mailrs-android(AVD) - 16" />
      <property name="flavor" value="" />
      <property name="project" value=":app" />
    </properties>
    <testcase name="a_message_with_no_recipient_cannot_be_sent" classname="jp.golia.mailrs.MailFlowTest" time="5.369" />
    <testcase name="replying_sends_a_reply_and_not_a_new_message" classname="jp.golia.mailrs.MailFlowTest" time="8.503" />
    <testcase name="a_search_with_no_hits_says_which_term_missed" classname="jp.golia.mailrs.MailFlowTest" time="5.096" />
    <testcase name="opening_a_conversation_shows_its_messages" classname="jp.golia.mailrs.MailFlowTest" time="5.122" />
    <testcase name="an_unreachable_server_says_so" classname="jp.golia.mailrs.MailFlowTest" time="2.35" />
    <testcase name="a_body_renders_and_holds_its_remote_content" classname="jp.golia.mailrs.MailFlowTest" time="6.16" />
    <testcase name="signing_in_lists_the_inbox" classname="jp.golia.mailrs.MailFlowTest" time="3.823" />
    <testcase name="a_swiped_row_can_be_brought_back" classname="jp.golia.mailrs.MailFlowTest" time="4.208" />
    <testcase name="search_keeps_the_servers_ranking" classname="jp.golia.mailrs.MailFlowTest" time="4.81" />
    <testcase name="the_server_field_can_be_changed" classname="jp.golia.mailrs.MailFlowTest" time="1.847" />
  </testsuite>
</testsuites>