<?xml version='1.0' encoding='UTF-8' ?>
<testsuites tests="30" failures="0" errors="0" skipped="0" time="202.901" timestamp="2026-08-17T17:06:02" hostname="localhost">
  <testsuite name="jp.golia.mailrs.MailFlowTest" tests="30" failures="0" errors="0" skipped="0" time="202.099" timestamp="2026-08-17T17:06:02" hostname="localhost">
    <properties>
      <property name="device" value="sim-mailrs-android(AVD) - 16" />
      <property name="flavor" value="" />
      <property name="project" value=":app" />
    </properties>
    <testcase name="the_operator_lists_load_and_a_delete_names_its_row" classname="jp.golia.mailrs.MailFlowTest" time="14.661" />
    <testcase name="back_ends_a_selection" classname="jp.golia.mailrs.MailFlowTest" time="4.598" />
    <testcase name="a_message_with_no_recipient_cannot_be_sent" classname="jp.golia.mailrs.MailFlowTest" time="5.143" />
    <testcase name="back_closes_the_thread_rather_than_the_app" classname="jp.golia.mailrs.MailFlowTest" time="5.496" />
    <testcase name="back_collapses_the_search" classname="jp.golia.mailrs.MailFlowTest" time="4.351" />
    <testcase name="replying_sends_a_reply_and_not_a_new_message" classname="jp.golia.mailrs.MailFlowTest" time="8.207" />
    <testcase name="an_alias_can_be_added_from_the_phone" classname="jp.golia.mailrs.MailFlowTest" time="7.618" />
    <testcase name="a_search_with_no_hits_says_which_term_missed" classname="jp.golia.mailrs.MailFlowTest" time="5.006" />
    <testcase name="a_long_press_selects_and_the_bar_acts_on_all_of_them" classname="jp.golia.mailrs.MailFlowTest" time="6.951" />
    <testcase name="opening_a_conversation_shows_its_messages" classname="jp.golia.mailrs.MailFlowTest" time="5.253" />
    <testcase name="back_cancels_the_composer" classname="jp.golia.mailrs.MailFlowTest" time="4.567" />
    <testcase name="the_queue_says_which_rows_are_stuck" classname="jp.golia.mailrs.MailFlowTest" time="7.188" />
    <testcase name="a_message_can_be_read_as_it_arrived" classname="jp.golia.mailrs.MailFlowTest" time="7.025" />
    <testcase name="the_drawer_switches_which_list_is_read" classname="jp.golia.mailrs.MailFlowTest" time="5.19" />
    <testcase name="an_unreachable_server_says_so" classname="jp.golia.mailrs.MailFlowTest" time="2.504" />
    <testcase name="a_body_renders_and_holds_its_remote_content" classname="jp.golia.mailrs.MailFlowTest" time="5.238" />
    <testcase name="signing_in_lists_the_inbox" classname="jp.golia.mailrs.MailFlowTest" time="4.304" />
    <testcase name="a_dmarc_row_reads_as_passing_against_total" classname="jp.golia.mailrs.MailFlowTest" time="4.995" />
    <testcase name="a_swiped_row_can_be_brought_back" classname="jp.golia.mailrs.MailFlowTest" time="4.211" />
    <testcase name="settings_holds_the_account_and_the_way_out" classname="jp.golia.mailrs.MailFlowTest" time="4.819" />
    <testcase name="search_keeps_the_servers_ranking" classname="jp.golia.mailrs.MailFlowTest" time="5.046" />
    <testcase name="the_allow_list_loads_and_can_be_edited" classname="jp.golia.mailrs.MailFlowTest" time="9.885" />
    <testcase name="an_attached_file_arrives_with_the_message" classname="jp.golia.mailrs.MailFlowTest" time="8.09" />
    <testcase name="leaving_the_composer_saves_a_draft_and_editing_reuses_it" classname="jp.golia.mailrs.MailFlowTest" time="9.876" />
    <testcase name="the_second_attachment_is_the_one_fetched" classname="jp.golia.mailrs.MailFlowTest" time="8.025" />
    <testcase name="unsubscribing_names_the_message_not_a_url" classname="jp.golia.mailrs.MailFlowTest" time="7.998" />
    <testcase name="cc_and_bcc_travel_as_themselves" classname="jp.golia.mailrs.MailFlowTest" time="10.755" />
    <testcase name="agent_keys_name_what_they_can_do" classname="jp.golia.mailrs.MailFlowTest" time="5.934" />
    <testcase name="permission_groups_say_which_are_built_in" classname="jp.golia.mailrs.MailFlowTest" time="16.535" />
    <testcase name="the_server_field_can_be_changed" classname="jp.golia.mailrs.MailFlowTest" time="2.63" />
  </testsuite>
</testsuites>